<?xml version="1.0" encoding="UTF-8"?>
<testng-results ignored="0" total="28" passed="24" failed="4" skipped="0">
  <reporter-output>
  </reporter-output>
  <suite started-at="2019-07-23T16:03:28Z" name="Default suite" finished-at="2019-07-23T16:19:16Z" duration-ms="947624">
    <groups>
    </groups>
    <test started-at="2019-07-23T16:03:28Z" name="Default test" finished-at="2019-07-23T16:19:16Z" duration-ms="947624">
      <class name="TestNGExaplesPackage.TestNGExaplesFile">
        <test-method signature="Group_Admin()[pri:1, instance:TestNGExaplesPackage.TestNGExaplesFile@23282c25]" started-at="2019-07-23T16:03:28Z" name="Group_Admin" finished-at="2019-07-23T16:04:11Z" duration-ms="42683" status="PASS">
          <reporter-output>
          </reporter-output>
        </test-method> <!-- Group_Admin -->
        <test-method signature="Group_Admin_RR_Selected_Accounts()[pri:2, instance:TestNGExaplesPackage.TestNGExaplesFile@23282c25]" started-at="2019-07-23T16:04:11Z" name="Group_Admin_RR_Selected_Accounts" finished-at="2019-07-23T16:05:12Z" duration-ms="61242" status="PASS">
          <reporter-output>
          </reporter-output>
        </test-method> <!-- Group_Admin_RR_Selected_Accounts -->
        <test-method signature="Group_Admin_RR()[pri:3, instance:TestNGExaplesPackage.TestNGExaplesFile@23282c25]" started-at="2019-07-23T16:05:12Z" name="Group_Admin_RR" finished-at="2019-07-23T16:06:02Z" duration-ms="49312" status="PASS">
          <reporter-output>
          </reporter-output>
        </test-method> <!-- Group_Admin_RR -->
        <test-method signature="Account_Admin()[pri:4, instance:TestNGExaplesPackage.TestNGExaplesFile@23282c25]" started-at="2019-07-23T16:06:02Z" name="Account_Admin" finished-at="2019-07-23T16:06:49Z" duration-ms="47003" status="PASS">
          <reporter-output>
          </reporter-output>
        </test-method> <!-- Account_Admin -->
        <test-method signature="Account_Admin_RR()[pri:5, instance:TestNGExaplesPackage.TestNGExaplesFile@23282c25]" started-at="2019-07-23T16:06:49Z" name="Account_Admin_RR" finished-at="2019-07-23T16:07:39Z" duration-ms="50585" status="FAIL">
          <exception class="org.openqa.selenium.NoSuchElementException">
            <message>
              <![CDATA[no such element: Unable to locate element: {"method":"xpath","selector":"//*[@id="Content_liAddNewLogin"]/img"}
  (Session info: chrome=75.0.3770.142)
For documentation on this error, please visit: https://www.seleniumhq.org/exceptions/no_such_element.html
Build info: version: '3.141.59', revision: 'e82be7d358', time: '2018-11-14T08:25:48'
System info: host: 'SKYITDEVLAP08', ip: '192.168.220.105', os.name: 'Windows 10', os.arch: 'amd64', os.version: '10.0', java.version: '12.0.1'
Driver info: org.openqa.selenium.chrome.ChromeDriver
Capabilities {acceptInsecureCerts: false, browserName: chrome, browserVersion: 75.0.3770.142, chrome: {chromedriverVersion: 75.0.3770.90 (a6dcaf7e3ec6f..., userDataDir: C:\Users\FMubeen\AppData\Lo...}, goog:chromeOptions: {debuggerAddress: localhost:57110}, javascriptEnabled: true, networkConnectionEnabled: false, pageLoadStrategy: normal, platform: XP, platformName: XP, proxy: Proxy(), setWindowRect: true, strictFileInteractability: false, timeouts: {implicit: 0, pageLoad: 300000, script: 30000}, unhandledPromptBehavior: dismiss and notify}
Session ID: 28b33317a68d777d97a976f4a2dc5f6e
*** Element info: {Using=xpath, value=//*[@id="Content_liAddNewLogin"]/img}]]>
            </message>
            <full-stacktrace>
              <![CDATA[org.openqa.selenium.NoSuchElementException: no such element: Unable to locate element: {"method":"xpath","selector":"//*[@id="Content_liAddNewLogin"]/img"}
  (Session info: chrome=75.0.3770.142)
For documentation on this error, please visit: https://www.seleniumhq.org/exceptions/no_such_element.html
Build info: version: '3.141.59', revision: 'e82be7d358', time: '2018-11-14T08:25:48'
System info: host: 'SKYITDEVLAP08', ip: '192.168.220.105', os.name: 'Windows 10', os.arch: 'amd64', os.version: '10.0', java.version: '12.0.1'
Driver info: org.openqa.selenium.chrome.ChromeDriver
Capabilities {acceptInsecureCerts: false, browserName: chrome, browserVersion: 75.0.3770.142, chrome: {chromedriverVersion: 75.0.3770.90 (a6dcaf7e3ec6f..., userDataDir: C:\Users\FMubeen\AppData\Lo...}, goog:chromeOptions: {debuggerAddress: localhost:57110}, javascriptEnabled: true, networkConnectionEnabled: false, pageLoadStrategy: normal, platform: XP, platformName: XP, proxy: Proxy(), setWindowRect: true, strictFileInteractability: false, timeouts: {implicit: 0, pageLoad: 300000, script: 30000}, unhandledPromptBehavior: dismiss and notify}
Session ID: 28b33317a68d777d97a976f4a2dc5f6e
*** Element info: {Using=xpath, value=//*[@id="Content_liAddNewLogin"]/img}
at java.base/jdk.internal.reflect.NativeConstructorAccessorImpl.newInstance0(Native Method)
at java.base/jdk.internal.reflect.NativeConstructorAccessorImpl.newInstance(NativeConstructorAccessorImpl.java:62)
at java.base/jdk.internal.reflect.DelegatingConstructorAccessorImpl.newInstance(DelegatingConstructorAccessorImpl.java:45)
at java.base/java.lang.reflect.Constructor.newInstanceWithCaller(Constructor.java:500)
at java.base/java.lang.reflect.Constructor.newInstance(Constructor.java:481)
at org.openqa.selenium.remote.http.W3CHttpResponseCodec.createException(W3CHttpResponseCodec.java:187)
at org.openqa.selenium.remote.http.W3CHttpResponseCodec.decode(W3CHttpResponseCodec.java:122)
at org.openqa.selenium.remote.http.W3CHttpResponseCodec.decode(W3CHttpResponseCodec.java:49)
at org.openqa.selenium.remote.HttpCommandExecutor.execute(HttpCommandExecutor.java:158)
at org.openqa.selenium.remote.service.DriverCommandExecutor.execute(DriverCommandExecutor.java:83)
at org.openqa.selenium.remote.RemoteWebDriver.execute(RemoteWebDriver.java:552)
at org.openqa.selenium.remote.RemoteWebDriver.findElement(RemoteWebDriver.java:323)
at org.openqa.selenium.remote.RemoteWebDriver.findElementByXPath(RemoteWebDriver.java:428)
at org.openqa.selenium.By$ByXPath.findElement(By.java:353)
at org.openqa.selenium.remote.RemoteWebDriver.findElement(RemoteWebDriver.java:315)
at TestNGExaplesPackage.TestNGExaplesFile.Account_Admin_RR(TestNGExaplesFile.java:640)
at java.base/jdk.internal.reflect.NativeMethodAccessorImpl.invoke0(Native Method)
at java.base/jdk.internal.reflect.NativeMethodAccessorImpl.invoke(NativeMethodAccessorImpl.java:62)
at java.base/jdk.internal.reflect.DelegatingMethodAccessorImpl.invoke(DelegatingMethodAccessorImpl.java:43)
at java.base/java.lang.reflect.Method.invoke(Method.java:567)
at org.testng.internal.MethodInvocationHelper.invokeMethod(MethodInvocationHelper.java:124)
at org.testng.internal.Invoker.invokeMethod(Invoker.java:583)
at org.testng.internal.Invoker.invokeTestMethod(Invoker.java:719)
at org.testng.internal.Invoker.invokeTestMethods(Invoker.java:989)
at org.testng.internal.TestMethodWorker.invokeTestMethods(TestMethodWorker.java:125)
at org.testng.internal.TestMethodWorker.run(TestMethodWorker.java:109)
at org.testng.TestRunner.privateRun(TestRunner.java:648)
at org.testng.TestRunner.run(TestRunner.java:505)
at org.testng.SuiteRunner.runTest(SuiteRunner.java:455)
at org.testng.SuiteRunner.runSequentially(SuiteRunner.java:450)
at org.testng.SuiteRunner.privateRun(SuiteRunner.java:415)
at org.testng.SuiteRunner.run(SuiteRunner.java:364)
at org.testng.SuiteRunnerWorker.runSuite(SuiteRunnerWorker.java:52)
at org.testng.SuiteRunnerWorker.run(SuiteRunnerWorker.java:84)
at org.testng.TestNG.runSuitesSequentially(TestNG.java:1208)
at org.testng.TestNG.runSuitesLocally(TestNG.java:1137)
at org.testng.TestNG.runSuites(TestNG.java:1049)
at org.testng.TestNG.run(TestNG.java:1017)
at org.testng.remote.AbstractRemoteTestNG.run(AbstractRemoteTestNG.java:115)
at org.testng.remote.RemoteTestNG.initAndRun(RemoteTestNG.java:251)
at org.testng.remote.RemoteTestNG.main(RemoteTestNG.java:77)
]]>
            </full-stacktrace>
          </exception> <!-- org.openqa.selenium.NoSuchElementException -->
          <reporter-output>
          </reporter-output>
        </test-method> <!-- Account_Admin_RR -->
        <test-method signature="User()[pri:6, instance:TestNGExaplesPackage.TestNGExaplesFile@23282c25]" started-at="2019-07-23T16:07:39Z" name="User" finished-at="2019-07-23T16:08:47Z" duration-ms="68223" status="FAIL">
          <exception class="org.openqa.selenium.NoSuchElementException">
            <message>
              <![CDATA[no such element: Unable to locate element: {"method":"xpath","selector":"/html/body/div[5]/div[1]/a/span"}
  (Session info: chrome=75.0.3770.142)
For documentation on this error, please visit: https://www.seleniumhq.org/exceptions/no_such_element.html
Build info: version: '3.141.59', revision: 'e82be7d358', time: '2018-11-14T08:25:48'
System info: host: 'SKYITDEVLAP08', ip: '192.168.220.105', os.name: 'Windows 10', os.arch: 'amd64', os.version: '10.0', java.version: '12.0.1'
Driver info: org.openqa.selenium.chrome.ChromeDriver
Capabilities {acceptInsecureCerts: false, browserName: chrome, browserVersion: 75.0.3770.142, chrome: {chromedriverVersion: 75.0.3770.90 (a6dcaf7e3ec6f..., userDataDir: C:\Users\FMubeen\AppData\Lo...}, goog:chromeOptions: {debuggerAddress: localhost:57191}, javascriptEnabled: true, networkConnectionEnabled: false, pageLoadStrategy: normal, platform: XP, platformName: XP, proxy: Proxy(), setWindowRect: true, strictFileInteractability: false, timeouts: {implicit: 0, pageLoad: 300000, script: 30000}, unhandledPromptBehavior: dismiss and notify}
Session ID: 679defde72099dc84aa584076f231222
*** Element info: {Using=xpath, value=/html/body/div[5]/div[1]/a/span}]]>
            </message>
            <full-stacktrace>
              <![CDATA[org.openqa.selenium.NoSuchElementException: no such element: Unable to locate element: {"method":"xpath","selector":"/html/body/div[5]/div[1]/a/span"}
  (Session info: chrome=75.0.3770.142)
For documentation on this error, please visit: https://www.seleniumhq.org/exceptions/no_such_element.html
Build info: version: '3.141.59', revision: 'e82be7d358', time: '2018-11-14T08:25:48'
System info: host: 'SKYITDEVLAP08', ip: '192.168.220.105', os.name: 'Windows 10', os.arch: 'amd64', os.version: '10.0', java.version: '12.0.1'
Driver info: org.openqa.selenium.chrome.ChromeDriver
Capabilities {acceptInsecureCerts: false, browserName: chrome, browserVersion: 75.0.3770.142, chrome: {chromedriverVersion: 75.0.3770.90 (a6dcaf7e3ec6f..., userDataDir: C:\Users\FMubeen\AppData\Lo...}, goog:chromeOptions: {debuggerAddress: localhost:57191}, javascriptEnabled: true, networkConnectionEnabled: false, pageLoadStrategy: normal, platform: XP, platformName: XP, proxy: Proxy(), setWindowRect: true, strictFileInteractability: false, timeouts: {implicit: 0, pageLoad: 300000, script: 30000}, unhandledPromptBehavior: dismiss and notify}
Session ID: 679defde72099dc84aa584076f231222
*** Element info: {Using=xpath, value=/html/body/div[5]/div[1]/a/span}
at java.base/jdk.internal.reflect.NativeConstructorAccessorImpl.newInstance0(Native Method)
at java.base/jdk.internal.reflect.NativeConstructorAccessorImpl.newInstance(NativeConstructorAccessorImpl.java:62)
at java.base/jdk.internal.reflect.DelegatingConstructorAccessorImpl.newInstance(DelegatingConstructorAccessorImpl.java:45)
at java.base/java.lang.reflect.Constructor.newInstanceWithCaller(Constructor.java:500)
at java.base/java.lang.reflect.Constructor.newInstance(Constructor.java:481)
at org.openqa.selenium.remote.http.W3CHttpResponseCodec.createException(W3CHttpResponseCodec.java:187)
at org.openqa.selenium.remote.http.W3CHttpResponseCodec.decode(W3CHttpResponseCodec.java:122)
at org.openqa.selenium.remote.http.W3CHttpResponseCodec.decode(W3CHttpResponseCodec.java:49)
at org.openqa.selenium.remote.HttpCommandExecutor.execute(HttpCommandExecutor.java:158)
at org.openqa.selenium.remote.service.DriverCommandExecutor.execute(DriverCommandExecutor.java:83)
at org.openqa.selenium.remote.RemoteWebDriver.execute(RemoteWebDriver.java:552)
at org.openqa.selenium.remote.RemoteWebDriver.findElement(RemoteWebDriver.java:323)
at org.openqa.selenium.remote.RemoteWebDriver.findElementByXPath(RemoteWebDriver.java:428)
at org.openqa.selenium.By$ByXPath.findElement(By.java:353)
at org.openqa.selenium.remote.RemoteWebDriver.findElement(RemoteWebDriver.java:315)
at TestNGExaplesPackage.TestNGExaplesFile.User(TestNGExaplesFile.java:896)
at java.base/jdk.internal.reflect.NativeMethodAccessorImpl.invoke0(Native Method)
at java.base/jdk.internal.reflect.NativeMethodAccessorImpl.invoke(NativeMethodAccessorImpl.java:62)
at java.base/jdk.internal.reflect.DelegatingMethodAccessorImpl.invoke(DelegatingMethodAccessorImpl.java:43)
at java.base/java.lang.reflect.Method.invoke(Method.java:567)
at org.testng.internal.MethodInvocationHelper.invokeMethod(MethodInvocationHelper.java:124)
at org.testng.internal.Invoker.invokeMethod(Invoker.java:583)
at org.testng.internal.Invoker.invokeTestMethod(Invoker.java:719)
at org.testng.internal.Invoker.invokeTestMethods(Invoker.java:989)
at org.testng.internal.TestMethodWorker.invokeTestMethods(TestMethodWorker.java:125)
at org.testng.internal.TestMethodWorker.run(TestMethodWorker.java:109)
at org.testng.TestRunner.privateRun(TestRunner.java:648)
at org.testng.TestRunner.run(TestRunner.java:505)
at org.testng.SuiteRunner.runTest(SuiteRunner.java:455)
at org.testng.SuiteRunner.runSequentially(SuiteRunner.java:450)
at org.testng.SuiteRunner.privateRun(SuiteRunner.java:415)
at org.testng.SuiteRunner.run(SuiteRunner.java:364)
at org.testng.SuiteRunnerWorker.runSuite(SuiteRunnerWorker.java:52)
at org.testng.SuiteRunnerWorker.run(SuiteRunnerWorker.java:84)
at org.testng.TestNG.runSuitesSequentially(TestNG.java:1208)
at org.testng.TestNG.runSuitesLocally(TestNG.java:1137)
at org.testng.TestNG.runSuites(TestNG.java:1049)
at org.testng.TestNG.run(TestNG.java:1017)
at org.testng.remote.AbstractRemoteTestNG.run(AbstractRemoteTestNG.java:115)
at org.testng.remote.RemoteTestNG.initAndRun(RemoteTestNG.java:251)
at org.testng.remote.RemoteTestNG.main(RemoteTestNG.java:77)
]]>
            </full-stacktrace>
          </exception> <!-- org.openqa.selenium.NoSuchElementException -->
          <reporter-output>
          </reporter-output>
        </test-method> <!-- User -->
        <test-method signature="User_RR()[pri:7, instance:TestNGExaplesPackage.TestNGExaplesFile@23282c25]" started-at="2019-07-23T16:08:47Z" name="User_RR" finished-at="2019-07-23T16:08:59Z" duration-ms="11453" status="FAIL">
          <exception class="org.openqa.selenium.StaleElementReferenceException">
            <message>
              <![CDATA[stale element reference: element is not attached to the page document
  (Session info: chrome=75.0.3770.142)
For documentation on this error, please visit: https://www.seleniumhq.org/exceptions/stale_element_reference.html
Build info: version: '3.141.59', revision: 'e82be7d358', time: '2018-11-14T08:25:48'
System info: host: 'SKYITDEVLAP08', ip: '192.168.220.105', os.name: 'Windows 10', os.arch: 'amd64', os.version: '10.0', java.version: '12.0.1'
Driver info: org.openqa.selenium.chrome.ChromeDriver
Capabilities {acceptInsecureCerts: false, browserName: chrome, browserVersion: 75.0.3770.142, chrome: {chromedriverVersion: 75.0.3770.90 (a6dcaf7e3ec6f..., userDataDir: C:\Users\FMubeen\AppData\Lo...}, goog:chromeOptions: {debuggerAddress: localhost:57324}, javascriptEnabled: true, networkConnectionEnabled: false, pageLoadStrategy: normal, platform: XP, platformName: XP, proxy: Proxy(), setWindowRect: true, strictFileInteractability: false, timeouts: {implicit: 0, pageLoad: 300000, script: 30000}, unhandledPromptBehavior: dismiss and notify}
Session ID: f05bca3d941d7ea22e8207f755c58101]]>
            </message>
            <full-stacktrace>
              <![CDATA[org.openqa.selenium.StaleElementReferenceException: stale element reference: element is not attached to the page document
  (Session info: chrome=75.0.3770.142)
For documentation on this error, please visit: https://www.seleniumhq.org/exceptions/stale_element_reference.html
Build info: version: '3.141.59', revision: 'e82be7d358', time: '2018-11-14T08:25:48'
System info: host: 'SKYITDEVLAP08', ip: '192.168.220.105', os.name: 'Windows 10', os.arch: 'amd64', os.version: '10.0', java.version: '12.0.1'
Driver info: org.openqa.selenium.chrome.ChromeDriver
Capabilities {acceptInsecureCerts: false, browserName: chrome, browserVersion: 75.0.3770.142, chrome: {chromedriverVersion: 75.0.3770.90 (a6dcaf7e3ec6f..., userDataDir: C:\Users\FMubeen\AppData\Lo...}, goog:chromeOptions: {debuggerAddress: localhost:57324}, javascriptEnabled: true, networkConnectionEnabled: false, pageLoadStrategy: normal, platform: XP, platformName: XP, proxy: Proxy(), setWindowRect: true, strictFileInteractability: false, timeouts: {implicit: 0, pageLoad: 300000, script: 30000}, unhandledPromptBehavior: dismiss and notify}
Session ID: f05bca3d941d7ea22e8207f755c58101
at java.base/jdk.internal.reflect.NativeConstructorAccessorImpl.newInstance0(Native Method)
at java.base/jdk.internal.reflect.NativeConstructorAccessorImpl.newInstance(NativeConstructorAccessorImpl.java:62)
at java.base/jdk.internal.reflect.DelegatingConstructorAccessorImpl.newInstance(DelegatingConstructorAccessorImpl.java:45)
at java.base/java.lang.reflect.Constructor.newInstanceWithCaller(Constructor.java:500)
at java.base/java.lang.reflect.Constructor.newInstance(Constructor.java:481)
at org.openqa.selenium.remote.http.W3CHttpResponseCodec.createException(W3CHttpResponseCodec.java:187)
at org.openqa.selenium.remote.http.W3CHttpResponseCodec.decode(W3CHttpResponseCodec.java:122)
at org.openqa.selenium.remote.http.W3CHttpResponseCodec.decode(W3CHttpResponseCodec.java:49)
at org.openqa.selenium.remote.HttpCommandExecutor.execute(HttpCommandExecutor.java:158)
at org.openqa.selenium.remote.service.DriverCommandExecutor.execute(DriverCommandExecutor.java:83)
at org.openqa.selenium.remote.RemoteWebDriver.execute(RemoteWebDriver.java:552)
at org.openqa.selenium.remote.RemoteWebElement.execute(RemoteWebElement.java:285)
at org.openqa.selenium.remote.RemoteWebElement.click(RemoteWebElement.java:84)
at TestNGExaplesPackage.TestNGExaplesFile.User_RR(TestNGExaplesFile.java:1023)
at java.base/jdk.internal.reflect.NativeMethodAccessorImpl.invoke0(Native Method)
at java.base/jdk.internal.reflect.NativeMethodAccessorImpl.invoke(NativeMethodAccessorImpl.java:62)
at java.base/jdk.internal.reflect.DelegatingMethodAccessorImpl.invoke(DelegatingMethodAccessorImpl.java:43)
at java.base/java.lang.reflect.Method.invoke(Method.java:567)
at org.testng.internal.MethodInvocationHelper.invokeMethod(MethodInvocationHelper.java:124)
at org.testng.internal.Invoker.invokeMethod(Invoker.java:583)
at org.testng.internal.Invoker.invokeTestMethod(Invoker.java:719)
at org.testng.internal.Invoker.invokeTestMethods(Invoker.java:989)
at org.testng.internal.TestMethodWorker.invokeTestMethods(TestMethodWorker.java:125)
at org.testng.internal.TestMethodWorker.run(TestMethodWorker.java:109)
at org.testng.TestRunner.privateRun(TestRunner.java:648)
at org.testng.TestRunner.run(TestRunner.java:505)
at org.testng.SuiteRunner.runTest(SuiteRunner.java:455)
at org.testng.SuiteRunner.runSequentially(SuiteRunner.java:450)
at org.testng.SuiteRunner.privateRun(SuiteRunner.java:415)
at org.testng.SuiteRunner.run(SuiteRunner.java:364)
at org.testng.SuiteRunnerWorker.runSuite(SuiteRunnerWorker.java:52)
at org.testng.SuiteRunnerWorker.run(SuiteRunnerWorker.java:84)
at org.testng.TestNG.runSuitesSequentially(TestNG.java:1208)
at org.testng.TestNG.runSuitesLocally(TestNG.java:1137)
at org.testng.TestNG.runSuites(TestNG.java:1049)
at org.testng.TestNG.run(TestNG.java:1017)
at org.testng.remote.AbstractRemoteTestNG.run(AbstractRemoteTestNG.java:115)
at org.testng.remote.RemoteTestNG.initAndRun(RemoteTestNG.java:251)
at org.testng.remote.RemoteTestNG.main(RemoteTestNG.java:77)
]]>
            </full-stacktrace>
          </exception> <!-- org.openqa.selenium.StaleElementReferenceException -->
          <reporter-output>
          </reporter-output>
        </test-method> <!-- User_RR -->
        <test-method signature="Read_Only_All_Logins()[pri:8, instance:TestNGExaplesPackage.TestNGExaplesFile@23282c25]" started-at="2019-07-23T16:08:59Z" name="Read_Only_All_Logins" finished-at="2019-07-23T16:09:42Z" duration-ms="42984" status="FAIL">
          <exception class="org.openqa.selenium.NoSuchElementException">
            <message>
              <![CDATA[no such element: Unable to locate element: {"method":"xpath","selector":"//*[@id="Content_liMngLogin"]/h3/a"}
  (Session info: chrome=75.0.3770.142)
For documentation on this error, please visit: https://www.seleniumhq.org/exceptions/no_such_element.html
Build info: version: '3.141.59', revision: 'e82be7d358', time: '2018-11-14T08:25:48'
System info: host: 'SKYITDEVLAP08', ip: '192.168.220.105', os.name: 'Windows 10', os.arch: 'amd64', os.version: '10.0', java.version: '12.0.1'
Driver info: org.openqa.selenium.chrome.ChromeDriver
Capabilities {acceptInsecureCerts: false, browserName: chrome, browserVersion: 75.0.3770.142, chrome: {chromedriverVersion: 75.0.3770.90 (a6dcaf7e3ec6f..., userDataDir: C:\Users\FMubeen\AppData\Lo...}, goog:chromeOptions: {debuggerAddress: localhost:57380}, javascriptEnabled: true, networkConnectionEnabled: false, pageLoadStrategy: normal, platform: XP, platformName: XP, proxy: Proxy(), setWindowRect: true, strictFileInteractability: false, timeouts: {implicit: 0, pageLoad: 300000, script: 30000}, unhandledPromptBehavior: dismiss and notify}
Session ID: 49421337d048b98a539eb5c369f0a4ff
*** Element info: {Using=xpath, value=//*[@id="Content_liMngLogin"]/h3/a}]]>
            </message>
            <full-stacktrace>
              <![CDATA[org.openqa.selenium.NoSuchElementException: no such element: Unable to locate element: {"method":"xpath","selector":"//*[@id="Content_liMngLogin"]/h3/a"}
  (Session info: chrome=75.0.3770.142)
For documentation on this error, please visit: https://www.seleniumhq.org/exceptions/no_such_element.html
Build info: version: '3.141.59', revision: 'e82be7d358', time: '2018-11-14T08:25:48'
System info: host: 'SKYITDEVLAP08', ip: '192.168.220.105', os.name: 'Windows 10', os.arch: 'amd64', os.version: '10.0', java.version: '12.0.1'
Driver info: org.openqa.selenium.chrome.ChromeDriver
Capabilities {acceptInsecureCerts: false, browserName: chrome, browserVersion: 75.0.3770.142, chrome: {chromedriverVersion: 75.0.3770.90 (a6dcaf7e3ec6f..., userDataDir: C:\Users\FMubeen\AppData\Lo...}, goog:chromeOptions: {debuggerAddress: localhost:57380}, javascriptEnabled: true, networkConnectionEnabled: false, pageLoadStrategy: normal, platform: XP, platformName: XP, proxy: Proxy(), setWindowRect: true, strictFileInteractability: false, timeouts: {implicit: 0, pageLoad: 300000, script: 30000}, unhandledPromptBehavior: dismiss and notify}
Session ID: 49421337d048b98a539eb5c369f0a4ff
*** Element info: {Using=xpath, value=//*[@id="Content_liMngLogin"]/h3/a}
at java.base/jdk.internal.reflect.NativeConstructorAccessorImpl.newInstance0(Native Method)
at java.base/jdk.internal.reflect.NativeConstructorAccessorImpl.newInstance(NativeConstructorAccessorImpl.java:62)
at java.base/jdk.internal.reflect.DelegatingConstructorAccessorImpl.newInstance(DelegatingConstructorAccessorImpl.java:45)
at java.base/java.lang.reflect.Constructor.newInstanceWithCaller(Constructor.java:500)
at java.base/java.lang.reflect.Constructor.newInstance(Constructor.java:481)
at org.openqa.selenium.remote.http.W3CHttpResponseCodec.createException(W3CHttpResponseCodec.java:187)
at org.openqa.selenium.remote.http.W3CHttpResponseCodec.decode(W3CHttpResponseCodec.java:122)
at org.openqa.selenium.remote.http.W3CHttpResponseCodec.decode(W3CHttpResponseCodec.java:49)
at org.openqa.selenium.remote.HttpCommandExecutor.execute(HttpCommandExecutor.java:158)
at org.openqa.selenium.remote.service.DriverCommandExecutor.execute(DriverCommandExecutor.java:83)
at org.openqa.selenium.remote.RemoteWebDriver.execute(RemoteWebDriver.java:552)
at org.openqa.selenium.remote.RemoteWebDriver.findElement(RemoteWebDriver.java:323)
at org.openqa.selenium.remote.RemoteWebDriver.findElementByXPath(RemoteWebDriver.java:428)
at org.openqa.selenium.By$ByXPath.findElement(By.java:353)
at org.openqa.selenium.remote.RemoteWebDriver.findElement(RemoteWebDriver.java:315)
at TestNGExaplesPackage.TestNGExaplesFile.Read_Only_All_Logins(TestNGExaplesFile.java:1265)
at java.base/jdk.internal.reflect.NativeMethodAccessorImpl.invoke0(Native Method)
at java.base/jdk.internal.reflect.NativeMethodAccessorImpl.invoke(NativeMethodAccessorImpl.java:62)
at java.base/jdk.internal.reflect.DelegatingMethodAccessorImpl.invoke(DelegatingMethodAccessorImpl.java:43)
at java.base/java.lang.reflect.Method.invoke(Method.java:567)
at org.testng.internal.MethodInvocationHelper.invokeMethod(MethodInvocationHelper.java:124)
at org.testng.internal.Invoker.invokeMethod(Invoker.java:583)
at org.testng.internal.Invoker.invokeTestMethod(Invoker.java:719)
at org.testng.internal.Invoker.invokeTestMethods(Invoker.java:989)
at org.testng.internal.TestMethodWorker.invokeTestMethods(TestMethodWorker.java:125)
at org.testng.internal.TestMethodWorker.run(TestMethodWorker.java:109)
at org.testng.TestRunner.privateRun(TestRunner.java:648)
at org.testng.TestRunner.run(TestRunner.java:505)
at org.testng.SuiteRunner.runTest(SuiteRunner.java:455)
at org.testng.SuiteRunner.runSequentially(SuiteRunner.java:450)
at org.testng.SuiteRunner.privateRun(SuiteRunner.java:415)
at org.testng.SuiteRunner.run(SuiteRunner.java:364)
at org.testng.SuiteRunnerWorker.runSuite(SuiteRunnerWorker.java:52)
at org.testng.SuiteRunnerWorker.run(SuiteRunnerWorker.java:84)
at org.testng.TestNG.runSuitesSequentially(TestNG.java:1208)
at org.testng.TestNG.runSuitesLocally(TestNG.java:1137)
at org.testng.TestNG.runSuites(TestNG.java:1049)
at org.testng.TestNG.run(TestNG.java:1017)
at org.testng.remote.AbstractRemoteTestNG.run(AbstractRemoteTestNG.java:115)
at org.testng.remote.RemoteTestNG.initAndRun(RemoteTestNG.java:251)
at org.testng.remote.RemoteTestNG.main(RemoteTestNG.java:77)
]]>
            </full-stacktrace>
          </exception> <!-- org.openqa.selenium.NoSuchElementException -->
          <reporter-output>
          </reporter-output>
        </test-method> <!-- Read_Only_All_Logins -->
        <test-method signature="Activity_Comprehensive()[pri:10, instance:TestNGExaplesPackage.TestNGExaplesFile@23282c25]" started-at="2019-07-23T16:09:42Z" name="Activity_Comprehensive" finished-at="2019-07-23T16:10:21Z" duration-ms="38566" status="PASS">
          <reporter-output>
          </reporter-output>
        </test-method> <!-- Activity_Comprehensive -->
        <test-method signature="Activity_Sammry()[pri:11, instance:TestNGExaplesPackage.TestNGExaplesFile@23282c25]" started-at="2019-07-23T16:10:21Z" name="Activity_Sammry" finished-at="2019-07-23T16:10:51Z" duration-ms="30027" status="PASS">
          <reporter-output>
          </reporter-output>
        </test-method> <!-- Activity_Sammry -->
        <test-method signature="Report_Last_Known_Location()[pri:12, instance:TestNGExaplesPackage.TestNGExaplesFile@23282c25]" started-at="2019-07-23T16:10:51Z" name="Report_Last_Known_Location" finished-at="2019-07-23T16:11:23Z" duration-ms="32685" status="PASS">
          <reporter-output>
          </reporter-output>
        </test-method> <!-- Report_Last_Known_Location -->
        <test-method signature="Active_Accounts_Report()[pri:13, instance:TestNGExaplesPackage.TestNGExaplesFile@23282c25]" started-at="2019-07-23T16:11:23Z" name="Active_Accounts_Report" finished-at="2019-07-23T16:11:45Z" duration-ms="21419" status="PASS">
          <reporter-output>
          </reporter-output>
        </test-method> <!-- Active_Accounts_Report -->
        <test-method signature="Unit_User_Report()[pri:14, instance:TestNGExaplesPackage.TestNGExaplesFile@23282c25]" started-at="2019-07-23T16:11:45Z" name="Unit_User_Report" finished-at="2019-07-23T16:12:14Z" duration-ms="29674" status="PASS">
          <reporter-output>
          </reporter-output>
        </test-method> <!-- Unit_User_Report -->
        <test-method signature="Active_Dormant_user_Report()[pri:15, instance:TestNGExaplesPackage.TestNGExaplesFile@23282c25]" started-at="2019-07-23T16:12:14Z" name="Active_Dormant_user_Report" finished-at="2019-07-23T16:12:36Z" duration-ms="21566" status="PASS">
          <reporter-output>
          </reporter-output>
        </test-method> <!-- Active_Dormant_user_Report -->
        <test-method signature="Mnanagement_New_Users_Report()[pri:16, instance:TestNGExaplesPackage.TestNGExaplesFile@23282c25]" started-at="2019-07-23T16:12:36Z" name="Mnanagement_New_Users_Report" finished-at="2019-07-23T16:13:02Z" duration-ms="25662" status="PASS">
          <reporter-output>
          </reporter-output>
        </test-method> <!-- Mnanagement_New_Users_Report -->
        <test-method signature="Mnanagement_Deleted_Users_Report()[pri:17, instance:TestNGExaplesPackage.TestNGExaplesFile@23282c25]" started-at="2019-07-23T16:13:02Z" name="Mnanagement_Deleted_Users_Report" finished-at="2019-07-23T16:13:48Z" duration-ms="46684" status="PASS">
          <reporter-output>
          </reporter-output>
        </test-method> <!-- Mnanagement_Deleted_Users_Report -->
        <test-method signature="Mnanagement_User_Login_Report()[pri:18, instance:TestNGExaplesPackage.TestNGExaplesFile@23282c25]" started-at="2019-07-23T16:13:48Z" name="Mnanagement_User_Login_Report" finished-at="2019-07-23T16:14:12Z" duration-ms="23672" status="PASS">
          <reporter-output>
          </reporter-output>
        </test-method> <!-- Mnanagement_User_Login_Report -->
        <test-method signature="Usage_Non_Usage_Incident_Report()[pri:19, instance:TestNGExaplesPackage.TestNGExaplesFile@23282c25]" started-at="2019-07-23T16:14:12Z" name="Usage_Non_Usage_Incident_Report" finished-at="2019-07-23T16:14:42Z" duration-ms="30358" status="PASS">
          <reporter-output>
          </reporter-output>
        </test-method> <!-- Usage_Non_Usage_Incident_Report -->
        <test-method signature="Usage_non_Usage_Report()[pri:20, instance:TestNGExaplesPackage.TestNGExaplesFile@23282c25]" started-at="2019-07-23T16:14:42Z" name="Usage_non_Usage_Report" finished-at="2019-07-23T16:15:12Z" duration-ms="30120" status="PASS">
          <reporter-output>
          </reporter-output>
        </test-method> <!-- Usage_non_Usage_Report -->
        <test-method signature="Incident_non_Usage_Report()[pri:21, instance:TestNGExaplesPackage.TestNGExaplesFile@23282c25]" started-at="2019-07-23T16:15:12Z" name="Incident_non_Usage_Report" finished-at="2019-07-23T16:15:43Z" duration-ms="30853" status="PASS">
          <reporter-output>
          </reporter-output>
        </test-method> <!-- Incident_non_Usage_Report -->
        <test-method signature="Usage_Non_Uage_Account_Usage_Report()[pri:22, instance:TestNGExaplesPackage.TestNGExaplesFile@23282c25]" started-at="2019-07-23T16:15:43Z" name="Usage_Non_Uage_Account_Usage_Report" finished-at="2019-07-23T16:16:08Z" duration-ms="24442" status="PASS">
          <reporter-output>
          </reporter-output>
        </test-method> <!-- Usage_Non_Uage_Account_Usage_Report -->
        <test-method signature="Usage_Non_Usage_Trackedusage_Report()[pri:23, instance:TestNGExaplesPackage.TestNGExaplesFile@23282c25]" started-at="2019-07-23T16:16:08Z" name="Usage_Non_Usage_Trackedusage_Report" finished-at="2019-07-23T16:16:34Z" duration-ms="26135" status="PASS">
          <reporter-output>
          </reporter-output>
        </test-method> <!-- Usage_Non_Usage_Trackedusage_Report -->
        <test-method signature="Usage_Non_Usage_Device_Uptime_Report()[pri:24, instance:TestNGExaplesPackage.TestNGExaplesFile@23282c25]" started-at="2019-07-23T16:16:34Z" name="Usage_Non_Usage_Device_Uptime_Report" finished-at="2019-07-23T16:17:00Z" duration-ms="25917" status="PASS">
          <reporter-output>
          </reporter-output>
        </test-method> <!-- Usage_Non_Usage_Device_Uptime_Report -->
        <test-method signature="Usage_Non_Usage_First_Activity_Report()[pri:25, instance:TestNGExaplesPackage.TestNGExaplesFile@23282c25]" started-at="2019-07-23T16:17:00Z" name="Usage_Non_Usage_First_Activity_Report" finished-at="2019-07-23T16:17:33Z" duration-ms="33505" status="PASS">
          <reporter-output>
          </reporter-output>
        </test-method> <!-- Usage_Non_Usage_First_Activity_Report -->
        <test-method signature="Usage_Non_Usage_Last_Activity_Report()[pri:26, instance:TestNGExaplesPackage.TestNGExaplesFile@23282c25]" started-at="2019-07-23T16:17:33Z" name="Usage_Non_Usage_Last_Activity_Report" finished-at="2019-07-23T16:18:05Z" duration-ms="32173" status="PASS">
          <reporter-output>
          </reporter-output>
        </test-method> <!-- Usage_Non_Usage_Last_Activity_Report -->
        <test-method signature="Login_Analysis_Report()[pri:27, instance:TestNGExaplesPackage.TestNGExaplesFile@23282c25]" started-at="2019-07-23T16:18:05Z" name="Login_Analysis_Report" finished-at="2019-07-23T16:18:28Z" duration-ms="22728" status="PASS">
          <reporter-output>
          </reporter-output>
        </test-method> <!-- Login_Analysis_Report -->
        <test-method signature="App_user_verification_Report()[pri:28, instance:TestNGExaplesPackage.TestNGExaplesFile@23282c25]" started-at="2019-07-23T16:18:28Z" name="App_user_verification_Report" finished-at="2019-07-23T16:18:50Z" duration-ms="21332" status="PASS">
          <reporter-output>
          </reporter-output>
        </test-method> <!-- App_user_verification_Report -->
        <test-method signature="Device_Uptime_Report()[pri:29, instance:TestNGExaplesPackage.TestNGExaplesFile@23282c25]" started-at="2019-07-23T16:18:50Z" name="Device_Uptime_Report" finished-at="2019-07-23T16:19:16Z" duration-ms="26502" status="PASS">
          <reporter-output>
          </reporter-output>
        </test-method> <!-- Device_Uptime_Report -->
      </class> <!-- TestNGExaplesPackage.TestNGExaplesFile -->
    </test> <!-- Default test -->
  </suite> <!-- Default suite -->
</testng-results>
